<?xml version="1.0" encoding="UTF-8"?>
<!-- Generated by org.testng.reporters.JUnitReportReporter -->
<testsuite hostname="DESKTOP-HU32N3R" failures="0" tests="1" name="com.mindtree.Runner.TestCase2_TestRunner" time="17.354" errors="0" timestamp="2021-11-09T12:59:15 IST" skipped="0">
  <testcase classname="com.mindtree.Runner.TestCase2_TestRunner" name="runScenario" time="17.354"/>
  <system-out/>
</testsuite> <!-- com.mindtree.Runner.TestCase2_TestRunner -->
