<?xml version="1.0" encoding="UTF-8"?>
<!-- Generated by org.testng.reporters.JUnitReportReporter -->
<testsuite hostname="DESKTOP-HU32N3R" failures="0" tests="1" name="com.mindtree.Runner.TestCase1" time="7.512" errors="0" timestamp="2021-11-09T12:59:15 IST" skipped="0">
  <testcase classname="com.mindtree.Runner.TestCase1" name="Case1" time="7.512"/>
  <system-out/>
</testsuite> <!-- com.mindtree.Runner.TestCase1 -->
