<?xml version="1.0" encoding="UTF-8"?>
<!-- Generated by org.testng.reporters.JUnitReportReporter -->
<testsuite hostname="DESKTOP-HU32N3R" failures="0" tests="1" name="com.mindtree.Runner.TestRunner" time="17.439" errors="0" timestamp="2021-11-06T20:09:17 IST" skipped="0">
  <testcase classname="com.mindtree.Runner.TestRunner" name="runScenario" time="17.439"/>
  <system-out/>
</testsuite> <!-- com.mindtree.Runner.TestRunner -->
