<?xml version="1.0" encoding="UTF-8"?>
<!-- Generated by org.testng.reporters.JUnitReportReporter -->
<testsuite skipped="0" hostname="DESKTOP-HU32N3R" name="com.mindtree.Runner.TestRunner2" tests="2" failures="0" timestamp="2021-11-08T23:48:01 IST" time="32.294" errors="0">
  <testcase name="runScenario" time="15.682" classname="com.mindtree.Runner.TestRunner2"/>
  <system-out/>
  <testcase name="runScenario" time="16.612" classname="com.mindtree.Runner.TestRunner2"/>
  <system-out/>
</testsuite> <!-- com.mindtree.Runner.TestRunner2 -->
